Base path: /Applications/Unity 4.6.3/Unity.app/Contents
Pipe name: \\.\pipe\UnityShaderCompiler-1--1585528408
Cmd: getPlatforms
Cmd: compileSnippet
  api=5 type=0 insize=1248 outsize=1137 kw= ok=1
Cmd: compileSnippet
  api=5 type=1 insize=1248 outsize=6 kw= ok=1
Cmd: compileSnippet
  api=5 type=0 insize=1268 outsize=1390 kw= ok=1
Cmd: compileSnippet
  api=5 type=1 insize=1268 outsize=6 kw= ok=1
Cmd: compileSnippet
  api=5 type=0 insize=1369 outsize=1478 kw= ok=1
Cmd: compileSnippet
  api=5 type=1 insize=1369 outsize=6 kw= ok=1
Cmd: compileSnippet
  api=5 type=0 insize=1309 outsize=1011 kw= ok=1
Cmd: compileSnippet
  api=5 type=1 insize=1309 outsize=6 kw= ok=1
Cmd: compileSnippet
  api=5 type=0 insize=1307 outsize=1352 kw= ok=1
Cmd: compileSnippet
  api=5 type=1 insize=1307 outsize=6 kw= ok=1
Cmd: compileSnippet
  api=5 type=0 insize=1069 outsize=951 kw= ok=1
Cmd: compileSnippet
  api=5 type=1 insize=1069 outsize=6 kw= ok=1
Cmd: compileSnippet
  api=5 type=0 insize=1093 outsize=1056 kw= ok=1
Cmd: compileSnippet
  api=5 type=1 insize=1093 outsize=6 kw= ok=1
Cmd: compileSnippet
  api=5 type=0 insize=1081 outsize=916 kw= ok=1
Cmd: compileSnippet
  api=5 type=1 insize=1081 outsize=6 kw= ok=1
Cmd: compileSnippet
  api=5 type=0 insize=1007 outsize=704 kw= ok=1
Cmd: compileSnippet
  api=5 type=1 insize=1007 outsize=6 kw= ok=1
End of pipe

Quitting shader compiler process
