Base path: /Applications/Unity 4.6.3/Unity.app/Contents
Pipe name: \\.\pipe\UnityShaderCompiler-2--1334542336
Cmd: getPlatforms
Cmd: compileSnippet
  api=9 type=0 insize=1248 outsize=1161 kw= ok=1
Cmd: compileSnippet
  api=9 type=1 insize=1248 outsize=7 kw= ok=1
Cmd: compileSnippet
  api=9 type=0 insize=1268 outsize=1414 kw= ok=1
Cmd: compileSnippet
  api=9 type=1 insize=1268 outsize=7 kw= ok=1
Cmd: compileSnippet
  api=9 type=0 insize=1369 outsize=1502 kw= ok=1
Cmd: compileSnippet
  api=9 type=1 insize=1369 outsize=7 kw= ok=1
Cmd: compileSnippet
  api=9 type=0 insize=1309 outsize=1035 kw= ok=1
Cmd: compileSnippet
  api=9 type=1 insize=1309 outsize=7 kw= ok=1
Cmd: compileSnippet
  api=9 type=0 insize=1307 outsize=1376 kw= ok=1
Cmd: compileSnippet
  api=9 type=1 insize=1307 outsize=7 kw= ok=1
Cmd: compileSnippet
  api=9 type=0 insize=1069 outsize=975 kw= ok=1
Cmd: compileSnippet
  api=9 type=1 insize=1069 outsize=7 kw= ok=1
Cmd: compileSnippet
  api=9 type=0 insize=1093 outsize=1089 kw= ok=1
Cmd: compileSnippet
  api=9 type=1 insize=1093 outsize=7 kw= ok=1
Cmd: compileSnippet
  api=9 type=0 insize=1081 outsize=949 kw= ok=1
Cmd: compileSnippet
  api=9 type=1 insize=1081 outsize=7 kw= ok=1
Cmd: compileSnippet
  api=9 type=0 insize=1007 outsize=737 kw= ok=1
Cmd: compileSnippet
  api=9 type=1 insize=1007 outsize=7 kw= ok=1
End of pipe

Quitting shader compiler process
